[0m23:06:27.133300 [debug] [MainThread]: Sending event: {'category': 'dbt', 'action': 'invocation', 'label': 'start', 'context': [<snowplow_tracker.self_describing_json.SelfDescribingJson object at 0x7b662961d490>, <snowplow_tracker.self_describing_json.SelfDescribingJson object at 0x7b6628f5d430>, <snowplow_tracker.self_describing_json.SelfDescribingJson object at 0x7b662961fdd0>]}


============================== 23:06:27.141328 | bb043243-f3c6-4732-b230-1ca2ba53b47d ==============================
[0m23:06:27.141328 [info ] [MainThread]: Running with dbt=1.11.4
[0m23:06:27.142307 [debug] [MainThread]: running dbt with arguments {'send_anonymous_usage_stats': 'True', 'version_check': 'True', 'log_path': 'logs', 'empty': 'None', 'partial_parse': 'True', 'fail_fast': 'False', 'log_format': 'default', 'invocation_command': 'dbt init taxi_rides_ny', 'introspect': 'True', 'target_path': 'None', 'no_print': 'None', 'log_cache_events': 'False', 'warn_error_options': 'WarnErrorOptionsV2(error=[], warn=[], silence=[])', 'profiles_dir': '/home/codespace/.dbt', 'printer_width': '80', 'use_colors': 'True', 'cache_selected_only': 'False', 'warn_error': 'None', 'static_parser': 'True', 'debug': 'False', 'quiet': 'False', 'indirect_selection': 'eager', 'write_json': 'True', 'use_experimental_parser': 'False'}
[0m23:06:27.159117 [info ] [MainThread]: Creating dbt configuration folder at /home/codespace/.dbt
[0m23:06:27.161661 [debug] [MainThread]: Starter project path: /home/codespace/.python/current/lib/python3.12/site-packages/dbt/include/starter_project
[0m23:06:27.175106 [info ] [MainThread]: 
Your new dbt project "taxi_rides_ny" was created!

For more information on how to configure the profiles.yml file,
please consult the dbt documentation here:

  https://docs.getdbt.com/docs/configure-your-profile

One more thing:

Need help? Don't hesitate to reach out to us via GitHub issues or on Slack:

  https://community.getdbt.com/

Happy modeling!

[0m23:06:27.175985 [info ] [MainThread]: Setting up your profile.
[0m23:06:41.968964 [info ] [MainThread]: Profile taxi_rides_ny written to /home/codespace/.dbt/profiles.yml using target's sample configuration. Once updated, you'll be able to start developing with dbt.
[0m23:06:41.971174 [debug] [MainThread]: Resource report: {"command_name": "init", "command_success": true, "command_wall_clock_time": 14.957766, "process_in_blocks": "240", "process_kernel_time": 0.3139, "process_mem_max_rss": "146576", "process_out_blocks": "72", "process_user_time": 2.85283}
[0m23:06:41.972021 [debug] [MainThread]: Command `dbt init` succeeded at 23:06:41.971886 after 14.96 seconds
[0m23:06:41.972646 [debug] [MainThread]: Sending event: {'category': 'dbt', 'action': 'invocation', 'label': 'end', 'context': [<snowplow_tracker.self_describing_json.SelfDescribingJson object at 0x7b6628e73f20>, <snowplow_tracker.self_describing_json.SelfDescribingJson object at 0x7b6628ee3c20>, <snowplow_tracker.self_describing_json.SelfDescribingJson object at 0x7b6629b4ff20>]}
[0m23:06:41.973375 [debug] [MainThread]: Flushing usage events
[0m23:06:42.370137 [debug] [MainThread]: An error was encountered while trying to flush usage events
[0m23:21:46.668687 [debug] [MainThread]: Sending event: {'category': 'dbt', 'action': 'invocation', 'label': 'start', 'context': [<snowplow_tracker.self_describing_json.SelfDescribingJson object at 0x7e9fb8477920>, <snowplow_tracker.self_describing_json.SelfDescribingJson object at 0x7e9fb8a75940>, <snowplow_tracker.self_describing_json.SelfDescribingJson object at 0x7e9fb8475430>]}


============================== 23:21:46.753523 | 1ea05618-0689-4f73-930d-5cb9abf1d9fa ==============================
[0m23:21:46.753523 [info ] [MainThread]: Running with dbt=1.11.4
[0m23:21:46.754657 [debug] [MainThread]: running dbt with arguments {'static_parser': 'True', 'indirect_selection': 'eager', 'fail_fast': 'False', 'invocation_command': 'dbt debug', 'log_format': 'default', 'introspect': 'True', 'profiles_dir': '/home/codespace/.dbt', 'quiet': 'False', 'log_path': 'logs', 'warn_error': 'None', 'target_path': 'None', 'empty': 'None', 'version_check': 'True', 'send_anonymous_usage_stats': 'True', 'warn_error_options': 'WarnErrorOptionsV2(error=[], warn=[], silence=[])', 'printer_width': '80', 'no_print': 'None', 'write_json': 'True', 'use_experimental_parser': 'False', 'partial_parse': 'True', 'debug': 'False', 'log_cache_events': 'False', 'cache_selected_only': 'False', 'use_colors': 'True'}
[0m23:21:46.777412 [info ] [MainThread]: dbt version: 1.11.4
[0m23:21:46.778301 [info ] [MainThread]: python version: 3.12.1
[0m23:21:46.779112 [info ] [MainThread]: python path: /home/codespace/.python/current/bin/python3
[0m23:21:46.779911 [info ] [MainThread]: os info: Linux-6.8.0-1044-azure-x86_64-with-glibc2.39
[0m23:21:46.912344 [info ] [MainThread]: Using profiles dir at /home/codespace/.dbt
[0m23:21:46.913076 [info ] [MainThread]: Using profiles.yml file at /home/codespace/.dbt/profiles.yml
[0m23:21:46.913614 [info ] [MainThread]: Using dbt_project.yml file at /workspaces/data-engineering-zoomcamp/dbt_project.yml
[0m23:21:46.915363 [info ] [MainThread]: adapter type: duckdb
[0m23:21:46.915916 [info ] [MainThread]: adapter version: 1.10.0
[0m23:21:46.916550 [info ] [MainThread]: Configuration:
[0m23:21:46.917093 [info ] [MainThread]:   profiles.yml file [[32mOK found and valid[0m]
[0m23:21:46.917595 [info ] [MainThread]:   dbt_project.yml file [[31mERROR not found[0m]
[0m23:21:46.918161 [info ] [MainThread]: Required dependencies:
[0m23:21:46.918773 [debug] [MainThread]: Executing "git --help"
[0m23:21:46.928201 [debug] [MainThread]: STDOUT: "b"usage: git [-v | --version] [-h | --help] [-C <path>] [-c <name>=<value>]\n           [--exec-path[=<path>]] [--html-path] [--man-path] [--info-path]\n           [-p | --paginate | -P | --no-pager] [--no-replace-objects] [--no-lazy-fetch]\n           [--no-optional-locks] [--no-advice] [--bare] [--git-dir=<path>]\n           [--work-tree=<path>] [--namespace=<name>] [--config-env=<name>=<envvar>]\n           <command> [<args>]\n\nThese are common Git commands used in various situations:\n\nstart a working area (see also: git help tutorial)\n   clone      Clone a repository into a new directory\n   init       Create an empty Git repository or reinitialize an existing one\n\nwork on the current change (see also: git help everyday)\n   add        Add file contents to the index\n   mv         Move or rename a file, a directory, or a symlink\n   restore    Restore working tree files\n   rm         Remove files from the working tree and from the index\n\nexamine the history and state (see also: git help revisions)\n   bisect     Use binary search to find the commit that introduced a bug\n   diff       Show changes between commits, commit and working tree, etc\n   grep       Print lines matching a pattern\n   log        Show commit logs\n   show       Show various types of objects\n   status     Show the working tree status\n\ngrow, mark and tweak your common history\n   backfill   Download missing objects in a partial clone\n   branch     List, create, or delete branches\n   commit     Record changes to the repository\n   merge      Join two or more development histories together\n   rebase     Reapply commits on top of another base tip\n   reset      Reset current HEAD to the specified state\n   switch     Switch branches\n   tag        Create, list, delete or verify tags\n\ncollaborate (see also: git help workflows)\n   fetch      Download objects and refs from another repository\n   pull       Fetch from and integrate with another repository or a local branch\n   push       Update remote refs along with associated objects\n\n'git help -a' and 'git help -g' list available subcommands and some\nconcept guides. See 'git help <command>' or 'git help <concept>'\nto read about a specific subcommand or concept.\nSee 'git help git' for an overview of the system.\n""
[0m23:21:46.929092 [debug] [MainThread]: STDERR: "b''"
[0m23:21:46.929821 [info ] [MainThread]:  - git [[32mOK found[0m]

[0m23:21:46.930361 [info ] [MainThread]: Connection:
[0m23:21:46.930913 [info ] [MainThread]:   database: dev
[0m23:21:46.931420 [info ] [MainThread]:   schema: main
[0m23:21:46.931934 [info ] [MainThread]:   path: dev.duckdb
[0m23:21:46.932416 [info ] [MainThread]:   config_options: None
[0m23:21:46.932949 [info ] [MainThread]:   extensions: None
[0m23:21:46.933431 [info ] [MainThread]:   settings: {}
[0m23:21:46.933937 [info ] [MainThread]:   external_root: .
[0m23:21:46.934423 [info ] [MainThread]:   use_credential_provider: None
[0m23:21:46.935053 [info ] [MainThread]:   attach: None
[0m23:21:46.935565 [info ] [MainThread]:   filesystems: None
[0m23:21:46.936189 [info ] [MainThread]:   remote: None
[0m23:21:46.936913 [info ] [MainThread]:   plugins: None
[0m23:21:46.937557 [info ] [MainThread]:   disable_transactions: False
[0m23:21:46.938584 [info ] [MainThread]: Registered adapter: duckdb=1.10.0
[0m23:21:47.397798 [debug] [MainThread]: Acquiring new duckdb connection 'debug'
[0m23:21:47.618134 [debug] [MainThread]: Using duckdb connection "debug"
[0m23:21:47.618743 [debug] [MainThread]: On debug: select 1 as id
[0m23:21:47.619207 [debug] [MainThread]: Opening a new connection, currently in state init
[0m23:21:47.634896 [debug] [MainThread]: SQL status: OK in 0.016 seconds
[0m23:21:47.636076 [debug] [MainThread]: On debug: Close
[0m23:21:47.636604 [info ] [MainThread]:   Connection test: [[32mOK connection ok[0m]

[0m23:21:47.637154 [info ] [MainThread]: [31m1 check failed:[0m
[0m23:21:47.637676 [info ] [MainThread]: Project loading failed for the following reason:
 project path </workspaces/data-engineering-zoomcamp/dbt_project.yml> not found

[0m23:21:47.639025 [debug] [MainThread]: Resource report: {"command_name": "debug", "command_success": false, "command_wall_clock_time": 1.0341864, "process_in_blocks": "5528", "process_kernel_time": 0.515507, "process_mem_max_rss": "165504", "process_out_blocks": "56", "process_user_time": 2.958222}
[0m23:21:47.639643 [debug] [MainThread]: Command `dbt debug` failed at 23:21:47.639529 after 1.03 seconds
[0m23:21:47.640115 [debug] [MainThread]: Connection 'debug' was properly closed.
[0m23:21:47.640580 [debug] [MainThread]: Sending event: {'category': 'dbt', 'action': 'invocation', 'label': 'end', 'context': [<snowplow_tracker.self_describing_json.SelfDescribingJson object at 0x7e9fb8a75940>, <snowplow_tracker.self_describing_json.SelfDescribingJson object at 0x7e9fb40c83b0>, <snowplow_tracker.self_describing_json.SelfDescribingJson object at 0x7e9fb40c85f0>]}
[0m23:21:47.641158 [debug] [MainThread]: Flushing usage events
[0m23:21:48.033212 [debug] [MainThread]: An error was encountered while trying to flush usage events
